<?xml version="1.0" encoding="UTF-8"?>
<!-- Generated by org.testng.reporters.JUnitReportReporter -->
<testsuite skipped="0" hostname="LAPTOP-E0BQ005K" name="NGassigmnent.NGclass" tests="1" failures="0" timestamp="2022-05-06T22:22:30 IST" time="12.133" errors="0">
  <testcase name="testing" time="12.133" classname="NGassigmnent.NGclass"/>
  <system-out/>
</testsuite> <!-- NGassigmnent.NGclass -->
